\BOOKMARK [1][-]{section.1}{Introduction}{}% 1
\BOOKMARK [1][-]{section.2}{Locality\040Sensitive\040Hashing}{}% 2
\BOOKMARK [2][-]{subsection.2.1}{Fractal\040Theory}{section.2}% 3
\BOOKMARK [1][-]{section.3}{Deep\040Fractal\040based\040Hashing\040-\040DAsH}{}% 4
\BOOKMARK [2][-]{subsection.3.1}{Using\040Fractals\040to\040estimate\040LSH\040parameters}{section.3}% 5
\BOOKMARK [1][-]{section.4}{SUPERVISED\040HASHING:\040A\040SIMPLE\040BASELINE}{}% 6
\BOOKMARK [2][-]{subsection.4.1}{Evaluation\040protocols\040of\040SSH\040and\040SH}{section.4}% 7
\BOOKMARK [2][-]{subsection.4.2}{Retrieval\040through\040class\040probability\040estimation}{section.4}% 8
\BOOKMARK [1][-]{section.5}{How\040should\040we\040evaluate\040supervised\040hashing?}{}% 9
\BOOKMARK [2][-]{subsection.5.1}{HASHING\040FOR\040NEAREST\040NEIGHBOR\040SEARCH}{section.5}% 10
\BOOKMARK [2][-]{subsection.5.2}{SUPERVISED\040HASHING}{section.5}% 11
\BOOKMARK [2][-]{subsection.5.3}{WHY\040NOT\040JUST\040ENCODE\040THE\040CLASS\040ID?}{section.5}% 12
\BOOKMARK [2][-]{subsection.5.4}{EXTENSION\040TO\040SEMI-SUPERVISED\040HASHING}{section.5}% 13
\BOOKMARK [2][-]{subsection.5.5}{HOW\040CAN\040WE\040AVOID\040THIS\040BIASED\040PROTOCOL?}{section.5}% 14
\BOOKMARK [2][-]{subsection.5.6}{UNSUPERVISED\040BASELINE\040FOR\040PROPOSED\040PROTOCOL}{section.5}% 15
\BOOKMARK [1][-]{section.6}{EVALUATION\040PROTOCOLS}{}% 16
\BOOKMARK [1][-]{section.7}{Experiments}{}% 17
\BOOKMARK [2][-]{subsection.7.1}{Experiment\0401:\040Tunning\040LSH\040Parameters}{section.7}% 18
\BOOKMARK [2][-]{subsection.7.2}{Retrieval\040Performance}{section.7}% 19
\BOOKMARK [1][-]{section.8}{Conclusions}{}% 20
